This is pdfTeX, Version 3.14159265-2.6-1.40.21 (TeX Live 2020/Arch Linux) (preloaded format=pdflatex 2021.3.4)  17 MAR 2021 11:07
entering extended mode
 restricted \write18 enabled.
 file:line:error style messages enabled.
 %&-line parsing enabled.
**plots0317.tex
(./plots0317.tex
LaTeX2e <2020-10-01> patch level 2
L3 programming layer <2020-12-03> xparse <2020-03-03> (/usr/share/texmf-dist/tex/latex/base/article.cls
Document Class: article 2020/04/10 v1.4m Standard LaTeX document class
(/usr/share/texmf-dist/tex/latex/base/size10.clo
File: size10.clo 2020/04/10 v1.4m Standard LaTeX file (size option)
)
\c@part=\count177
\c@section=\count178
\c@subsection=\count179
\c@subsubsection=\count180
\c@paragraph=\count181
\c@subparagraph=\count182
\c@figure=\count183
\c@table=\count184
\abovecaptionskip=\skip47
\belowcaptionskip=\skip48
\bibindent=\dimen138
) (/usr/share/texmf-dist/tex/latex/graphics/graphicx.sty
Package: graphicx 2020/09/09 v1.2b Enhanced LaTeX Graphics (DPC,SPQR)
 (/usr/share/texmf-dist/tex/latex/graphics/keyval.sty
Package: keyval 2014/10/28 v1.15 key=value parser (DPC)
\KV@toks@=\toks15
) (/usr/share/texmf-dist/tex/latex/graphics/graphics.sty
Package: graphics 2020/08/30 v1.4c Standard LaTeX Graphics (DPC,SPQR)
 (/usr/share/texmf-dist/tex/latex/graphics/trig.sty
Package: trig 2016/01/03 v1.10 sin cos tan (DPC)
) (/usr/share/texmf-dist/tex/latex/graphics-cfg/graphics.cfg
File: graphics.cfg 2016/06/04 v1.11 sample graphics configuration
)
Package graphics Info: Driver file: pdftex.def on input line 105.
 (/usr/share/texmf-dist/tex/latex/graphics-def/pdftex.def
File: pdftex.def 2020/10/05 v1.2a Graphics/color driver for pdftex
))
\Gin@req@height=\dimen139
\Gin@req@width=\dimen140
) (/usr/share/texmf-dist/tex/latex/float/float.sty
Package: float 2001/11/08 v1.3d Float enhancements (AL)
\c@float@type=\count185
\float@exts=\toks16
\float@box=\box47
\@float@everytoks=\toks17
\@floatcapt=\box48
) (/usr/share/texmf-dist/tex/latex/setspace/setspace.sty
Package: setspace 2011/12/19 v6.7a set line spacing
) (/usr/share/texmf-dist/tex/latex/geometry/geometry.sty
Package: geometry 2020/01/02 v5.9 Page Geometry
 (/usr/share/texmf-dist/tex/generic/iftex/ifvtex.sty
Package: ifvtex 2019/10/25 v1.7 ifvtex legacy package. Use iftex instead.
 (/usr/share/texmf-dist/tex/generic/iftex/iftex.sty
Package: iftex 2020/03/06 v1.0d TeX engine tests
))
\Gm@cnth=\count186
\Gm@cntv=\count187
\c@Gm@tempcnt=\count188
\Gm@bindingoffset=\dimen141
\Gm@wd@mp=\dimen142
\Gm@odd@mp=\dimen143
\Gm@even@mp=\dimen144
\Gm@layoutwidth=\dimen145
\Gm@layoutheight=\dimen146
\Gm@layouthoffset=\dimen147
\Gm@layoutvoffset=\dimen148
\Gm@dimlist=\toks18
) (/usr/share/texmf-dist/tex/latex/l3backend/l3backend-pdftex.def
File: l3backend-pdftex.def 2020-09-24 L3 backend support: PDF output (pdfTeX)
\l__kernel_color_stack_int=\count189
\l__pdf_internal_box=\box49
) (output/plots0317.aux

LaTeX Warning: Label `fig:notebook/15_900_90' multiply defined.


LaTeX Warning: Label `fig:notebook/15_900_45' multiply defined.


LaTeX Warning: Label `fig:notebook/10_900_90' multiply defined.


LaTeX Warning: Label `fig:notebook/10_900_45' multiply defined.

)
LaTeX Font Info:    Checking defaults for OML/cmm/m/it on input line 9.
LaTeX Font Info:    ... okay on input line 9.
LaTeX Font Info:    Checking defaults for OMS/cmsy/m/n on input line 9.
LaTeX Font Info:    ... okay on input line 9.
LaTeX Font Info:    Checking defaults for OT1/cmr/m/n on input line 9.
LaTeX Font Info:    ... okay on input line 9.
LaTeX Font Info:    Checking defaults for T1/cmr/m/n on input line 9.
LaTeX Font Info:    ... okay on input line 9.
LaTeX Font Info:    Checking defaults for TS1/cmr/m/n on input line 9.
LaTeX Font Info:    ... okay on input line 9.
LaTeX Font Info:    Checking defaults for OMX/cmex/m/n on input line 9.
LaTeX Font Info:    ... okay on input line 9.
LaTeX Font Info:    Checking defaults for U/cmr/m/n on input line 9.
LaTeX Font Info:    ... okay on input line 9.
 (/usr/share/texmf-dist/tex/context/base/mkii/supp-pdf.mkii
[Loading MPS to PDF converter (version 2006.09.02).]
\scratchcounter=\count190
\scratchdimen=\dimen149
\scratchbox=\box50
\nofMPsegments=\count191
\nofMParguments=\count192
\everyMPshowfont=\toks19
\MPscratchCnt=\count193
\MPscratchDim=\dimen150
\MPnumerator=\count194
\makeMPintoPDFobject=\count195
\everyMPtoPDFconversion=\toks20
) (/usr/share/texmf-dist/tex/latex/epstopdf-pkg/epstopdf-base.sty
Package: epstopdf-base 2020-01-24 v2.11 Base part for package epstopdf
Package epstopdf-base Info: Redefining graphics rule for `.eps' on input line 485.
 (/usr/share/texmf-dist/tex/latex/latexconfig/epstopdf-sys.cfg
File: epstopdf-sys.cfg 2010/07/13 v1.3 Configuration of (r)epstopdf for TeX Live
))
*geometry* driver: auto-detecting
*geometry* detected driver: pdftex
*geometry* verbose mode - [ preamble ] result:
* driver: pdftex
* paper: a4paper
* layout: <same size as paper>
* layoutoffset:(h,v)=(0.0pt,0.0pt)
* modes: 
* h-part:(L,W,R)=(28.90755pt, 539.69278pt, 28.90755pt)
* v-part:(T,H,B)=(72.26999pt, 686.05309pt, 86.72377pt)
* \paperwidth=597.50787pt
* \paperheight=845.04684pt
* \textwidth=539.69278pt
* \textheight=686.05309pt
* \oddsidemargin=-43.36244pt
* \evensidemargin=-43.36244pt
* \topmargin=-37.0pt
* \headheight=12.0pt
* \headsep=25.0pt
* \topskip=10.0pt
* \footskip=30.0pt
* \marginparwidth=65.0pt
* \marginparsep=11.0pt
* \columnsep=10.0pt
* \skip\footins=9.0pt plus 4.0pt minus 2.0pt
* \hoffset=0.0pt
* \voffset=0.0pt
* \mag=1000
* \@twocolumnfalse
* \@twosidefalse
* \@mparswitchfalse
* \@reversemarginfalse
* (1in=72.27pt=25.4mm, 1cm=28.453pt)

LaTeX Font Info:    External font `cmex10' loaded for size
(Font)              <14.4> on input line 11.
LaTeX Font Info:    External font `cmex10' loaded for size
(Font)              <7> on input line 11.
LaTeX Font Info:    External font `cmex10' loaded for size
(Font)              <5> on input line 14.
<notebook/15_600_1000.pdf, id=1, 867.24pt x 578.16pt>
File: notebook/15_600_1000.pdf Graphic file (type pdf)
<use notebook/15_600_1000.pdf>
Package pdftex.def Info: notebook/15_600_1000.pdf  used on input line 17.
(pdftex.def)             Requested size: 539.69278pt x 359.81409pt.
[1

{/var/lib/texmf/fonts/map/pdftex/updmap/pdftex.map} <./notebook/15_600_1000.pdf>]
<notebook/15_600_60.pdf, id=66, 867.24pt x 578.16pt>
File: notebook/15_600_60.pdf Graphic file (type pdf)
<use notebook/15_600_60.pdf>
Package pdftex.def Info: notebook/15_600_60.pdf  used on input line 25.
(pdftex.def)             Requested size: 539.69278pt x 359.81409pt.
 [2 <./notebook/15_600_60.pdf>]
<notebook/15_600_30.pdf, id=122, 867.24pt x 578.16pt>
File: notebook/15_600_30.pdf Graphic file (type pdf)
<use notebook/15_600_30.pdf>
Package pdftex.def Info: notebook/15_600_30.pdf  used on input line 33.
(pdftex.def)             Requested size: 539.69278pt x 359.81409pt.
 [3 <./notebook/15_600_30.pdf>]
<notebook/15_600_1.pdf, id=178, 867.24pt x 578.16pt>
File: notebook/15_600_1.pdf Graphic file (type pdf)
<use notebook/15_600_1.pdf>
Package pdftex.def Info: notebook/15_600_1.pdf  used on input line 41.
(pdftex.def)             Requested size: 539.69278pt x 359.81409pt.
 [4 <./notebook/15_600_1.pdf>]
<notebook/15_900_1000.pdf, id=234, 867.24pt x 578.16pt>
File: notebook/15_900_1000.pdf Graphic file (type pdf)
<use notebook/15_900_1000.pdf>
Package pdftex.def Info: notebook/15_900_1000.pdf  used on input line 53.
(pdftex.def)             Requested size: 539.69278pt x 359.81409pt.
 [5 <./notebook/15_900_1000.pdf>]
<notebook/15_900_90.pdf, id=290, 867.24pt x 578.16pt>
File: notebook/15_900_90.pdf Graphic file (type pdf)
<use notebook/15_900_90.pdf>
Package pdftex.def Info: notebook/15_900_90.pdf  used on input line 61.
(pdftex.def)             Requested size: 539.69278pt x 359.81409pt.
 [6 <./notebook/15_900_90.pdf>]
<notebook/15_900_45.pdf, id=346, 867.24pt x 578.16pt>
File: notebook/15_900_45.pdf Graphic file (type pdf)
<use notebook/15_900_45.pdf>
Package pdftex.def Info: notebook/15_900_45.pdf  used on input line 69.
(pdftex.def)             Requested size: 539.69278pt x 359.81409pt.
 [7 <./notebook/15_900_45.pdf>]
<notebook/15_900_1.pdf, id=403, 867.24pt x 578.16pt>
File: notebook/15_900_1.pdf Graphic file (type pdf)
<use notebook/15_900_1.pdf>
Package pdftex.def Info: notebook/15_900_1.pdf  used on input line 77.
(pdftex.def)             Requested size: 539.69278pt x 359.81409pt.
 [8 <./notebook/15_900_1.pdf>]
<notebook/10_600_1000.pdf, id=459, 867.24pt x 578.16pt>
File: notebook/10_600_1000.pdf Graphic file (type pdf)
<use notebook/10_600_1000.pdf>
Package pdftex.def Info: notebook/10_600_1000.pdf  used on input line 89.
(pdftex.def)             Requested size: 539.69278pt x 359.81409pt.
 [9 <./notebook/10_600_1000.pdf>]
<notebook/10_600_60.pdf, id=516, 867.24pt x 578.16pt>
File: notebook/10_600_60.pdf Graphic file (type pdf)
<use notebook/10_600_60.pdf>
Package pdftex.def Info: notebook/10_600_60.pdf  used on input line 97.
(pdftex.def)             Requested size: 539.69278pt x 359.81409pt.
 [10 <./notebook/10_600_60.pdf>]
<notebook/10_600_30.pdf, id=571, 867.24pt x 578.16pt>
File: notebook/10_600_30.pdf Graphic file (type pdf)
<use notebook/10_600_30.pdf>
Package pdftex.def Info: notebook/10_600_30.pdf  used on input line 105.
(pdftex.def)             Requested size: 539.69278pt x 359.81409pt.
 [11 <./notebook/10_600_30.pdf>]
<notebook/10_600_1.pdf, id=626, 867.24pt x 578.16pt>
File: notebook/10_600_1.pdf Graphic file (type pdf)
<use notebook/10_600_1.pdf>
Package pdftex.def Info: notebook/10_600_1.pdf  used on input line 113.
(pdftex.def)             Requested size: 539.69278pt x 359.81409pt.
 [12 <./notebook/10_600_1.pdf>]
<notebook/10_900_1000.pdf, id=681, 867.24pt x 578.16pt>
File: notebook/10_900_1000.pdf Graphic file (type pdf)
<use notebook/10_900_1000.pdf>
Package pdftex.def Info: notebook/10_900_1000.pdf  used on input line 125.
(pdftex.def)             Requested size: 539.69278pt x 359.81409pt.
 [13 <./notebook/10_900_1000.pdf>]
<notebook/10_900_90.pdf, id=738, 867.24pt x 578.16pt>
File: notebook/10_900_90.pdf Graphic file (type pdf)
<use notebook/10_900_90.pdf>
Package pdftex.def Info: notebook/10_900_90.pdf  used on input line 133.
(pdftex.def)             Requested size: 539.69278pt x 359.81409pt.
 [14 <./notebook/10_900_90.pdf>]
<notebook/10_900_45.pdf, id=794, 867.24pt x 578.16pt>
File: notebook/10_900_45.pdf Graphic file (type pdf)
<use notebook/10_900_45.pdf>
Package pdftex.def Info: notebook/10_900_45.pdf  used on input line 141.
(pdftex.def)             Requested size: 539.69278pt x 359.81409pt.
 [15 <./notebook/10_900_45.pdf>]
<notebook/10_900_1.pdf, id=850, 867.24pt x 578.16pt>
File: notebook/10_900_1.pdf Graphic file (type pdf)
<use notebook/10_900_1.pdf>
Package pdftex.def Info: notebook/10_900_1.pdf  used on input line 149.
(pdftex.def)             Requested size: 539.69278pt x 359.81409pt.
 [16 <./notebook/10_900_1.pdf>] (output/plots0317.aux)

LaTeX Warning: There were multiply-defined labels.

 ) 
Here is how much of TeX's memory you used:
 1900 strings out of 479383
 29348 string characters out of 5875831
 304959 words of memory out of 5000000
 19020 multiletter control sequences out of 15000+600000
 404985 words of font info for 32 fonts, out of 8000000 for 9000
 1141 hyphenation exceptions out of 8191
 66i,6n,72p,204b,281s stack positions out of 5000i,500n,10000p,200000b,80000s
{/usr/share/texmf-dist/fonts/enc/dvips/cm-super/cm-super-ts1.enc}</usr/share/texmf-dist/fonts/type1/public/amsfonts/cm/cmbx12.pfb></usr/share/texmf-dist/fonts/type1/public/amsfonts/cm/cmmi10.pfb></usr/share/texmf-dist/fonts/type1/public/amsfonts/cm/cmmi12.pfb></usr/share/texmf-dist/fonts/type1/public/amsfonts/cm/cmmi7.pfb></usr/share/texmf-dist/fonts/type1/public/amsfonts/cm/cmr10.pfb></usr/share/texmf-dist/fonts/type1/public/amsfonts/cm/cmr12.pfb></usr/share/texmf-dist/fonts/type1/public/cm-super/sfrm1000.pfb>
Output written on output/plots0317.pdf (16 pages, 386800 bytes).
PDF statistics:
 932 PDF objects out of 1000 (max. 8388607)
 219 compressed objects within 3 object streams
 0 named destinations out of 1000 (max. 500000)
 81 words of extra memory for PDF output out of 10000 (max. 10000000)

